<?xml version="1.0" encoding="UTF-8"?>
<testng-results skipped="0" failed="0" total="1" passed="1">
  <reporter-output>
  </reporter-output>
  <suite name="Surefire suite" duration-ms="21748" started-at="2017-10-16T05:04:41Z" finished-at="2017-10-16T05:05:03Z">
    <groups>
      <group name="cucumber">
        <method signature="AbstractTestNGCucumberTests.feature(cucumber.api.testng.CucumberFeatureWrapper)[pri:0, instance:com.thread.automation.testRunner.TestRunner@14acaea5]" name="feature" class="cucumber.api.testng.AbstractTestNGCucumberTests"/>
      </group> <!-- cucumber -->
    </groups>
    <test name="Surefire test" duration-ms="21748" started-at="2017-10-16T05:04:41Z" finished-at="2017-10-16T05:05:03Z">
      <class name="com.thread.automation.testRunner.TestRunner">
        <test-method status="PASS" signature="setUpClass()[pri:0, instance:com.thread.automation.testRunner.TestRunner@14acaea5]" name="setUpClass" is-config="true" duration-ms="298" started-at="2017-10-16T10:34:41Z" finished-at="2017-10-16T10:34:41Z">
          <reporter-output>
          </reporter-output>
        </test-method> <!-- setUpClass -->
        <test-method status="PASS" signature="feature(cucumber.api.testng.CucumberFeatureWrapper)[pri:0, instance:com.thread.automation.testRunner.TestRunner@14acaea5]" name="feature" duration-ms="21239" started-at="2017-10-16T10:34:41Z" description="Runs Cucumber Feature" data-provider="features" finished-at="2017-10-16T10:35:03Z">
          <params>
            <param index="0">
              <value>
                <![CDATA[LoginFeature]]>
              </value>
            </param>
          </params>
          <reporter-output>
          </reporter-output>
        </test-method> <!-- feature -->
        <test-method status="PASS" signature="tearDownClass()[pri:0, instance:com.thread.automation.testRunner.TestRunner@14acaea5]" name="tearDownClass" is-config="true" duration-ms="116" started-at="2017-10-16T10:35:03Z" finished-at="2017-10-16T10:35:03Z">
          <reporter-output>
          </reporter-output>
        </test-method> <!-- tearDownClass -->
      </class> <!-- com.thread.automation.testRunner.TestRunner -->
    </test> <!-- Surefire test -->
  </suite> <!-- Surefire suite -->
</testng-results>
