<?xml version="1.0" encoding="UTF-8"?>
<testng-results skipped="0" failed="0" total="1" passed="1">
  <reporter-output>
  </reporter-output>
  <suite name="Surefire suite" duration-ms="1500" started-at="2017-09-18T14:37:39Z" finished-at="2017-09-18T14:37:40Z">
    <groups>
      <group name="cucumber">
        <method signature="AbstractTestNGCucumberTests.feature(cucumber.api.testng.CucumberFeatureWrapper)[pri:0, instance:com.thread.automation.testRunner.TestRunner@8bd1b6a]" name="feature" class="cucumber.api.testng.AbstractTestNGCucumberTests"/>
      </group> <!-- cucumber -->
    </groups>
    <test name="Surefire test" duration-ms="1500" started-at="2017-09-18T14:37:39Z" finished-at="2017-09-18T14:37:40Z">
      <class name="com.thread.automation.testRunner.TestRunner">
        <test-method status="PASS" signature="setUpClass()[pri:0, instance:com.thread.automation.testRunner.TestRunner@8bd1b6a]" name="setUpClass" is-config="true" duration-ms="422" started-at="2017-09-18T20:07:39Z" finished-at="2017-09-18T20:07:39Z">
          <reporter-output>
          </reporter-output>
        </test-method> <!-- setUpClass -->
        <test-method status="PASS" signature="feature(cucumber.api.testng.CucumberFeatureWrapper)[pri:0, instance:com.thread.automation.testRunner.TestRunner@8bd1b6a]" name="feature" duration-ms="641" started-at="2017-09-18T20:07:40Z" description="Runs Cucumber Feature" data-provider="features" finished-at="2017-09-18T20:07:40Z">
          <params>
            <param index="0">
              <value>
                <![CDATA[SignIn]]>
              </value>
            </param>
          </params>
          <reporter-output>
          </reporter-output>
        </test-method> <!-- feature -->
        <test-method status="PASS" signature="tearDownClass()[pri:0, instance:com.thread.automation.testRunner.TestRunner@8bd1b6a]" name="tearDownClass" is-config="true" duration-ms="266" started-at="2017-09-18T20:07:40Z" finished-at="2017-09-18T20:07:40Z">
          <reporter-output>
          </reporter-output>
        </test-method> <!-- tearDownClass -->
      </class> <!-- com.thread.automation.testRunner.TestRunner -->
    </test> <!-- Surefire test -->
  </suite> <!-- Surefire suite -->
</testng-results>
