<?xml version="1.0" encoding="UTF-8"?>
<testng-results skipped="0" failed="0" total="1" passed="1">
  <reporter-output>
  </reporter-output>
  <suite name="Default Suite" duration-ms="1528" started-at="2017-09-18T14:35:03Z" finished-at="2017-09-18T14:35:04Z">
    <groups>
      <group name="cucumber">
        <method signature="AbstractTestNGCucumberTests.feature(cucumber.api.testng.CucumberFeatureWrapper)[pri:0, instance:com.thread.automation.testRunner.TestRunner@69d9c55]" name="feature" class="cucumber.api.testng.AbstractTestNGCucumberTests"/>
      </group> <!-- cucumber -->
    </groups>
    <test name="thread_automation1" duration-ms="1528" started-at="2017-09-18T14:35:03Z" finished-at="2017-09-18T14:35:04Z">
      <class name="com.thread.automation.testRunner.TestRunner">
        <test-method status="PASS" signature="setUpClass()[pri:0, instance:com.thread.automation.testRunner.TestRunner@69d9c55]" name="setUpClass" is-config="true" duration-ms="755" started-at="2017-09-18T20:05:03Z" finished-at="2017-09-18T20:05:03Z">
          <reporter-output>
          </reporter-output>
        </test-method> <!-- setUpClass -->
        <test-method status="PASS" signature="feature(cucumber.api.testng.CucumberFeatureWrapper)[pri:0, instance:com.thread.automation.testRunner.TestRunner@69d9c55]" name="feature" duration-ms="408" started-at="2017-09-18T20:05:03Z" description="Runs Cucumber Feature" data-provider="features" finished-at="2017-09-18T20:05:04Z">
          <params>
            <param index="0">
              <value>
                <![CDATA[SignIn]]>
              </value>
            </param>
          </params>
          <reporter-output>
          </reporter-output>
        </test-method> <!-- feature -->
        <test-method status="PASS" signature="tearDownClass()[pri:0, instance:com.thread.automation.testRunner.TestRunner@69d9c55]" name="tearDownClass" is-config="true" duration-ms="182" started-at="2017-09-18T20:05:04Z" finished-at="2017-09-18T20:05:04Z">
          <reporter-output>
          </reporter-output>
        </test-method> <!-- tearDownClass -->
      </class> <!-- com.thread.automation.testRunner.TestRunner -->
    </test> <!-- thread_automation1 -->
  </suite> <!-- Default Suite -->
</testng-results>
