<?xml version="1.0" encoding="UTF-8"?>
<testng-results skipped="0" failed="0" total="1" passed="1">
  <reporter-output>
  </reporter-output>
  <suite name="Default Suite" duration-ms="54267" started-at="2017-10-14T08:51:56Z" finished-at="2017-10-14T08:52:50Z">
    <groups>
      <group name="cucumber">
        <method signature="AbstractTestNGCucumberTests.feature(cucumber.api.testng.CucumberFeatureWrapper)[pri:0, instance:com.thread.automation.testRunner.TestRunner@197d671]" name="feature" class="cucumber.api.testng.AbstractTestNGCucumberTests"/>
      </group> <!-- cucumber -->
    </groups>
    <test name="thread_automation1" duration-ms="54267" started-at="2017-10-14T08:51:56Z" finished-at="2017-10-14T08:52:50Z">
      <class name="com.thread.automation.testRunner.TestRunner">
        <test-method status="PASS" signature="setUpClass()[pri:0, instance:com.thread.automation.testRunner.TestRunner@197d671]" name="setUpClass" is-config="true" duration-ms="656" started-at="2017-10-14T14:21:56Z" finished-at="2017-10-14T14:21:56Z">
          <reporter-output>
          </reporter-output>
        </test-method> <!-- setUpClass -->
        <test-method status="PASS" signature="feature(cucumber.api.testng.CucumberFeatureWrapper)[pri:0, instance:com.thread.automation.testRunner.TestRunner@197d671]" name="feature" duration-ms="53298" started-at="2017-10-14T14:21:56Z" description="Runs Cucumber Feature" data-provider="features" finished-at="2017-10-14T14:22:50Z">
          <params>
            <param index="0">
              <value>
                <![CDATA[LoginFeature]]>
              </value>
            </param>
          </params>
          <reporter-output>
          </reporter-output>
        </test-method> <!-- feature -->
        <test-method status="PASS" signature="tearDownClass()[pri:0, instance:com.thread.automation.testRunner.TestRunner@197d671]" name="tearDownClass" is-config="true" duration-ms="94" started-at="2017-10-14T14:22:50Z" finished-at="2017-10-14T14:22:50Z">
          <reporter-output>
          </reporter-output>
        </test-method> <!-- tearDownClass -->
      </class> <!-- com.thread.automation.testRunner.TestRunner -->
    </test> <!-- thread_automation1 -->
  </suite> <!-- Default Suite -->
</testng-results>
